# JRE version: Java(TM) SE Runtime Environment (8.0_271-b09) (build 1.8.0_271-b09)
# Java VM: Java HotSpot(TM) 64-Bit Server VM (25.271-b09 mixed mode windows-amd64 compressed oops)
Heap:
 PSYoungGen      total 229888K, used 31181K [0x00000000d5d80000, 0x00000000e4d80000, 0x0000000100000000)
  eden space 218112K, 8% used [0x00000000d5d80000,0x00000000d707ab78,0x00000000e3280000)
  from space 11776K, 99% used [0x00000000e4000000,0x00000000e4b78ac0,0x00000000e4b80000)
  to   space 13824K, 0% used [0x00000000e3280000,0x00000000e3280000,0x00000000e4000000)
 ParOldGen       total 75264K, used 27496K [0x0000000081800000, 0x0000000086180000, 0x00000000d5d80000)
  object space 75264K, 36% used [0x0000000081800000,0x00000000832da1a0,0x0000000086180000)
 Metaspace       used 51100K, capacity 53956K, committed 54192K, reserved 1097728K
  class space    used 7075K, capacity 7576K, committed 7600K, reserved 1048576K
GC Heap History (10 events):
Event: 4.858 GC heap before
{Heap before GC invocations=8 (full 1):
 PSYoungGen      total 142848K, used 133120K [0x00000000d5d80000, 0x00000000df280000, 0x0000000100000000)
  eden space 133120K, 100% used [0x00000000d5d80000,0x00000000ddf80000,0x00000000ddf80000)
  from space 9728K, 0% used [0x00000000de900000,0x00000000de900000,0x00000000df280000)
  to   space 9728K, 0% used [0x00000000ddf80000,0x00000000ddf80000,0x00000000de900000)
 ParOldGen       total 55808K, used 8452K [0x0000000081800000, 0x0000000084e80000, 0x00000000d5d80000)
  object space 55808K, 15% used [0x0000000081800000,0x0000000082041150,0x0000000084e80000)
 Metaspace       used 27288K, capacity 29000K, committed 29360K, reserved 1075200K
  class space    used 3625K, capacity 3954K, committed 4016K, reserved 1048576K
Event: 4.869 GC heap after
Heap after GC invocations=8 (full 1):
 PSYoungGen      total 142848K, used 9718K [0x00000000d5d80000, 0x00000000e4b80000, 0x0000000100000000)
  eden space 133120K, 0% used [0x00000000d5d80000,0x00000000d5d80000,0x00000000ddf80000)
  from space 9728K, 99% used [0x00000000ddf80000,0x00000000de8fdb60,0x00000000de900000)
  to   space 11776K, 0% used [0x00000000e4000000,0x00000000e4000000,0x00000000e4b80000)
 ParOldGen       total 55808K, used 9900K [0x0000000081800000, 0x0000000084e80000, 0x00000000d5d80000)
  object space 55808K, 17% used [0x0000000081800000,0x00000000821ab048,0x0000000084e80000)
 Metaspace       used 27288K, capacity 29000K, committed 29360K, reserved 1075200K
  class space    used 3625K, capacity 3954K, committed 4016K, reserved 1048576K
}
Event: 5.614 GC heap before
{Heap before GC invocations=9 (full 1):
 PSYoungGen      total 142848K, used 142838K [0x00000000d5d80000, 0x00000000e4b80000, 0x0000000100000000)
  eden space 133120K, 100% used [0x00000000d5d80000,0x00000000ddf80000,0x00000000ddf80000)
  from space 9728K, 99% used [0x00000000ddf80000,0x00000000de8fdb60,0x00000000de900000)
  to   space 11776K, 0% used [0x00000000e4000000,0x00000000e4000000,0x00000000e4b80000)
 ParOldGen       total 55808K, used 9900K [0x0000000081800000, 0x0000000084e80000, 0x00000000d5d80000)
  object space 55808K, 17% used [0x0000000081800000,0x00000000821ab048,0x0000000084e80000)
 Metaspace       used 32996K, capacity 34924K, committed 35120K, reserved 1079296K
  class space    used 4442K, capacity 4800K, committed 4912K, reserved 1048576K
Event: 5.627 GC heap after
Heap after GC invocations=9 (full 1):
 PSYoungGen      total 229888K, used 11756K [0x00000000d5d80000, 0x00000000e4d80000, 0x0000000100000000)
  eden space 218112K, 0% used [0x00000000d5d80000,0x00000000d5d80000,0x00000000e3280000)
  from space 11776K, 99% used [0x00000000e4000000,0x00000000e4b7b188,0x00000000e4b80000)
  to   space 13824K, 0% used [0x00000000e3280000,0x00000000e3280000,0x00000000e4000000)
 ParOldGen       total 55808K, used 11547K [0x0000000081800000, 0x0000000084e80000, 0x00000000d5d80000)
  object space 55808K, 20% used [0x0000000081800000,0x0000000082346cc8,0x0000000084e80000)
 Metaspace       used 32996K, capacity 34924K, committed 35120K, reserved 1079296K
  class space    used 4442K, capacity 4800K, committed 4912K, reserved 1048576K
}
Event: 5.682 GC heap before
{Heap before GC invocations=10 (full 1):
 PSYoungGen      total 229888K, used 27151K [0x00000000d5d80000, 0x00000000e4d80000, 0x0000000100000000)
  eden space 218112K, 7% used [0x00000000d5d80000,0x00000000d6c88d60,0x00000000e3280000)
  from space 11776K, 99% used [0x00000000e4000000,0x00000000e4b7b188,0x00000000e4b80000)
  to   space 13824K, 0% used [0x00000000e3280000,0x00000000e3280000,0x00000000e4000000)
 ParOldGen       total 55808K, used 11547K [0x0000000081800000, 0x0000000084e80000, 0x00000000d5d80000)
  object space 55808K, 20% used [0x0000000081800000,0x0000000082346cc8,0x0000000084e80000)
 Metaspace       used 33574K, capacity 35489K, committed 35496K, reserved 1079296K
  class space    used 4571K, capacity 4905K, committed 4912K, reserved 1048576K
Event: 5.692 GC heap after
Heap after GC invocations=10 (full 1):
 PSYoungGen      total 231936K, used 9672K [0x00000000d5d80000, 0x00000000e4d80000, 0x0000000100000000)
  eden space 218112K, 0% used [0x00000000d5d80000,0x00000000d5d80000,0x00000000e3280000)
  from space 13824K, 69% used [0x00000000e3280000,0x00000000e3bf23f0,0x00000000e4000000)
  to   space 11776K, 0% used [0x00000000e4000000,0x00000000e4000000,0x00000000e4b80000)
 ParOldGen       total 55808K, used 11547K [0x0000000081800000, 0x0000000084e80000, 0x00000000d5d80000)
  object space 55808K, 20% used [0x0000000081800000,0x0000000082346cc8,0x0000000084e80000)
 Metaspace       used 33574K, capacity 35489K, committed 35496K, reserved 1079296K
  class space    used 4571K, capacity 4905K, committed 4912K, reserved 1048576K
}
Event: 5.692 GC heap before
{Heap before GC invocations=11 (full 2):
 PSYoungGen      total 231936K, used 9672K [0x00000000d5d80000, 0x00000000e4d80000, 0x0000000100000000)
  eden space 218112K, 0% used [0x00000000d5d80000,0x00000000d5d80000,0x00000000e3280000)
  from space 13824K, 69% used [0x00000000e3280000,0x00000000e3bf23f0,0x00000000e4000000)
  to   space 11776K, 0% used [0x00000000e4000000,0x00000000e4000000,0x00000000e4b80000)
 ParOldGen       total 55808K, used 11547K [0x0000000081800000, 0x0000000084e80000, 0x00000000d5d80000)
  object space 55808K, 20% used [0x0000000081800000,0x0000000082346cc8,0x0000000084e80000)
 Metaspace       used 33574K, capacity 35489K, committed 35496K, reserved 1079296K
  class space    used 4571K, capacity 4905K, committed 4912K, reserved 1048576K
Event: 5.752 GC heap after
Heap after GC invocations=11 (full 2):
 PSYoungGen      total 231936K, used 0K [0x00000000d5d80000, 0x00000000e4d80000, 0x0000000100000000)
  eden space 218112K, 0% used [0x00000000d5d80000,0x00000000d5d80000,0x00000000e3280000)
  from space 13824K, 0% used [0x00000000e3280000,0x00000000e3280000,0x00000000e4000000)
  to   space 11776K, 0% used [0x00000000e4000000,0x00000000e4000000,0x00000000e4b80000)
 ParOldGen       total 75264K, used 16161K [0x0000000081800000, 0x0000000086180000, 0x00000000d5d80000)
  object space 75264K, 21% used [0x0000000081800000,0x00000000827c8490,0x0000000086180000)
 Metaspace       used 33574K, capacity 35489K, committed 35496K, reserved 1079296K
  class space    used 4571K, capacity 4905K, committed 4912K, reserved 1048576K
}
Event: 8.344 GC heap before
{Heap before GC invocations=12 (full 2):
 PSYoungGen      total 231936K, used 218112K [0x00000000d5d80000, 0x00000000e4d80000, 0x0000000100000000)
  eden space 218112K, 100% used [0x00000000d5d80000,0x00000000e3280000,0x00000000e3280000)
  from space 13824K, 0% used [0x00000000e3280000,0x00000000e3280000,0x00000000e4000000)
  to   space 11776K, 0% used [0x00000000e4000000,0x00000000e4000000,0x00000000e4b80000)
 ParOldGen       total 75264K, used 16161K [0x0000000081800000, 0x0000000086180000, 0x00000000d5d80000)
  object space 75264K, 21% used [0x0000000081800000,0x00000000827c8490,0x0000000086180000)
 Metaspace       used 50674K, capacity 53265K, committed 53296K, reserved 1095680K
  class space    used 6989K, capacity 7451K, committed 7472K, reserved 1048576K
Event: 8.369 GC heap after
Heap after GC invocations=12 (full 2):
 PSYoungGen      total 229888K, used 11746K [0x00000000d5d80000, 0x00000000e4d80000, 0x0000000100000000)
  eden space 218112K, 0% used [0x00000000d5d80000,0x00000000d5d80000,0x00000000e3280000)
  from space 11776K, 99% used [0x00000000e4000000,0x00000000e4b78ac0,0x00000000e4b80000)
  to   space 13824K, 0% used [0x00000000e3280000,0x00000000e3280000,0x00000000e4000000)
 ParOldGen       total 75264K, used 27496K [0x0000000081800000, 0x0000000086180000, 0x00000000d5d80000)
  object space 75264K, 36% used [0x0000000081800000,0x00000000832da1a0,0x0000000086180000)
 Metaspace       used 50674K, capacity 53265K, committed 53296K, reserved 1095680K
  class space    used 6989K, capacity 7451K, committed 7472K, reserved 1048576K
}

